<?xml version="1.0" encoding="UTF-8"?>
<!-- Generated by org.testng.reporters.JUnitReportReporter -->
<testsuite hostname="LAPTOP-GBJ4LDOP" failures="0" tests="3" name="test.TestNGMultiBrowserDemo" time="18.466" errors="0" timestamp="2023-04-02T00:04:39 CEST" skipped="0">
  <testcase classname="test.TestNGMultiBrowserDemo" name="login" time="5.683"/>
  <system-out/>
  <testcase classname="test.TestNGMultiBrowserDemo" name="login" time="7.596"/>
  <system-out/>
  <testcase classname="test.TestNGMultiBrowserDemo" name="login" time="5.187"/>
  <system-out/>
</testsuite> <!-- test.TestNGMultiBrowserDemo -->
