<?xml version="1.0" encoding="UTF-8"?>
<!-- Generated by org.testng.reporters.JUnitReportReporter -->
<testsuite hostname="LAPTOP-GBJ4LDOP" failures="0" tests="3" name="com.e2eTests.step_definitions.LoginStepDefinition" time="103.386" errors="0" timestamp="2023-04-02T02:08:29 CEST" skipped="0">
  <testcase classname="com.e2eTests.step_definitions.LoginStepDefinition" name="submitToApp" time="34.895"/>
  <system-out/>
  <testcase classname="com.e2eTests.step_definitions.LoginStepDefinition" name="submitToApp" time="48.520"/>
  <system-out/>
  <testcase classname="com.e2eTests.step_definitions.LoginStepDefinition" name="submitToApp" time="19.971"/>
  <system-out/>
</testsuite> <!-- com.e2eTests.step_definitions.LoginStepDefinition -->
