<?xml version="1.0" encoding="UTF-8"?>
<!-- Generated by org.testng.reporters.JUnitReportReporter -->
<testsuite hostname="LAPTOP-GBJ4LDOP" failures="0" tests="3" name="com.e2eTests.step_definitions.LoginStepDefinition" time="100.028" errors="0" timestamp="2023-04-02T02:12:51 CEST" skipped="0">
  <testcase classname="com.e2eTests.step_definitions.LoginStepDefinition" name="submitToApp" time="38.379"/>
  <system-out/>
  <testcase classname="com.e2eTests.step_definitions.LoginStepDefinition" name="submitToApp" time="45.332"/>
  <system-out/>
  <testcase classname="com.e2eTests.step_definitions.LoginStepDefinition" name="submitToApp" time="16.317"/>
  <system-out/>
</testsuite> <!-- com.e2eTests.step_definitions.LoginStepDefinition -->
